[debug] [2023-02-18T04:55:02.812Z] ----------------------------------------------------------------------
[debug] [2023-02-18T04:55:02.813Z] Command:       C:\Program Files\nodejs\node.exe C:\Users\tarun\AppData\Roaming\npm\node_modules\firebase-tools\lib\bin\firebase.js init
[debug] [2023-02-18T04:55:02.813Z] CLI Version:   11.23.1
[debug] [2023-02-18T04:55:02.813Z] Platform:      win32
[debug] [2023-02-18T04:55:02.814Z] Node Version:  v18.12.0
[debug] [2023-02-18T04:55:02.814Z] Time:          Sat Feb 18 2023 10:25:02 GMT+0530 (India Standard Time)
[debug] [2023-02-18T04:55:02.814Z] ----------------------------------------------------------------------
[debug] 
[debug] [2023-02-18T04:55:02.820Z] > command requires scopes: ["email","openid","https://www.googleapis.com/auth/cloudplatformprojects.readonly","https://www.googleapis.com/auth/firebase","https://www.googleapis.com/auth/cloud-platform"]
[debug] [2023-02-18T04:55:02.820Z] > authorizing via signed-in user (tarunmakersmind@gmail.com)
[info] 
     ######## #### ########  ######## ########     ###     ######  ########
     ##        ##  ##     ## ##       ##     ##  ##   ##  ##       ##
     ######    ##  ########  ######   ########  #########  ######  ######
     ##        ##  ##    ##  ##       ##     ## ##     ##       ## ##
     ##       #### ##     ## ######## ########  ##     ##  ######  ########

You're about to initialize a Firebase project in this directory:

  C:\Users\tarun\OneDrive\Documents\techsaadhu

[info] 
=== Project Setup
[info] 
[info] First, let's associate this project directory with a Firebase project.
[info] You can create multiple project aliases by running firebase use --add, 
[info] but for now we'll just set up a default project.
[info] 
[debug] [2023-02-18T04:55:18.458Z] >>> [apiv2][query] GET https://firebase.googleapis.com/v1beta1/projects pageSize=100
[debug] [2023-02-18T04:55:19.178Z] <<< [apiv2][status] GET https://firebase.googleapis.com/v1beta1/projects 200
[debug] [2023-02-18T04:55:19.179Z] <<< [apiv2][body] GET https://firebase.googleapis.com/v1beta1/projects [omitted]
[info] i  Using project techsaadhu-ba693 (techsaadhu) 
[info] 
=== Database Setup
[info] i  database: ensuring required API firebasedatabase.googleapis.com is enabled... 
[debug] [2023-02-18T04:55:20.075Z] >>> [apiv2][query] GET https://serviceusage.googleapis.com/v1/projects/techsaadhu-ba693/services/firebasedatabase.googleapis.com [none]
[debug] [2023-02-18T04:55:20.075Z] >>> [apiv2][(partial)header] GET https://serviceusage.googleapis.com/v1/projects/techsaadhu-ba693/services/firebasedatabase.googleapis.com x-goog-quota-user=projects/techsaadhu-ba693
[debug] [2023-02-18T04:55:22.112Z] <<< [apiv2][status] GET https://serviceusage.googleapis.com/v1/projects/techsaadhu-ba693/services/firebasedatabase.googleapis.com 200
[debug] [2023-02-18T04:55:22.112Z] <<< [apiv2][body] GET https://serviceusage.googleapis.com/v1/projects/techsaadhu-ba693/services/firebasedatabase.googleapis.com [omitted]
[info] +  database: required API firebasedatabase.googleapis.com is enabled 
[info] 
[debug] [2023-02-18T04:55:22.113Z] >>> [apiv2][query] GET https://firebasedatabase.googleapis.com/v1beta/projects/techsaadhu-ba693/locations/-/instances/techsaadhu-ba693-default-rtdb [none]
[debug] [2023-02-18T04:55:22.812Z] <<< [apiv2][status] GET https://firebasedatabase.googleapis.com/v1beta/projects/techsaadhu-ba693/locations/-/instances/techsaadhu-ba693-default-rtdb 200
[debug] [2023-02-18T04:55:22.812Z] <<< [apiv2][body] GET https://firebasedatabase.googleapis.com/v1beta/projects/techsaadhu-ba693/locations/-/instances/techsaadhu-ba693-default-rtdb {"name":"projects/320621705037/locations/asia-southeast1/instances/techsaadhu-ba693-default-rtdb","project":"projects/320621705037","databaseUrl":"https://techsaadhu-ba693-default-rtdb.asia-southeast1.firebasedatabase.app","type":"DEFAULT_DATABASE","state":"ACTIVE"}
[info] 
[info] Firebase Realtime Database Security Rules allow you to define how your data should be
[info] structured and when your data can be read from and written to.
[info] 
[debug] [2023-02-18T04:55:25.859Z] >>> [apiv2][query] GET https://techsaadhu-ba693-default-rtdb.asia-southeast1.firebasedatabase.app/.settings/rules.json [none]
[debug] [2023-02-18T04:55:26.081Z] <<< [apiv2][status] GET https://techsaadhu-ba693-default-rtdb.asia-southeast1.firebasedatabase.app/.settings/rules.json 200
[debug] [2023-02-18T04:55:26.081Z] <<< [apiv2][body] GET https://techsaadhu-ba693-default-rtdb.asia-southeast1.firebasedatabase.app/.settings/rules.json [stream]
[debug] [2023-02-18T04:55:26.221Z] Error: EISDIR: illegal operation on a directory, open 'C:\Users\tarun\OneDrive\Documents\techsaadhu\y'
    at Object.openSync (node:fs:600:3)
    at Object.writeFileSync (node:fs:2221:35)
    at Object.createFileSync (C:\Users\tarun\AppData\Roaming\npm\node_modules\firebase-tools\node_modules\fs-extra\lib\ensure\file.js:63:6)
    at Config.writeProjectFile (C:\Users\tarun\AppData\Roaming\npm\node_modules\firebase-tools\lib\config.js:152:12)
    at writeDBRules (C:\Users\tarun\AppData\Roaming\npm\node_modules\firebase-tools\lib\init\features\database.js:33:12)
    at doSetup (C:\Users\tarun\AppData\Roaming\npm\node_modules\firebase-tools\lib\init\features\database.js:123:13)
    at process.processTicksAndRejections (node:internal/process/task_queues:95:5)
    at async init (C:\Users\tarun\AppData\Roaming\npm\node_modules\firebase-tools\lib\init\index.js:36:9)
[error] 
[error] Error: An unexpected error has occurred.
[debug] [2023-02-18T04:55:40.783Z] ----------------------------------------------------------------------
[debug] [2023-02-18T04:55:40.785Z] Command:       C:\Program Files\nodejs\node.exe C:\Users\tarun\AppData\Roaming\npm\node_modules\firebase-tools\lib\bin\firebase.js init
[debug] [2023-02-18T04:55:40.785Z] CLI Version:   11.23.1
[debug] [2023-02-18T04:55:40.785Z] Platform:      win32
[debug] [2023-02-18T04:55:40.785Z] Node Version:  v18.12.0
[debug] [2023-02-18T04:55:40.786Z] Time:          Sat Feb 18 2023 10:25:40 GMT+0530 (India Standard Time)
[debug] [2023-02-18T04:55:40.786Z] ----------------------------------------------------------------------
[debug] 
[debug] [2023-02-18T04:55:40.791Z] > command requires scopes: ["email","openid","https://www.googleapis.com/auth/cloudplatformprojects.readonly","https://www.googleapis.com/auth/firebase","https://www.googleapis.com/auth/cloud-platform"]
[debug] [2023-02-18T04:55:40.792Z] > authorizing via signed-in user (tarunmakersmind@gmail.com)
[info] 
     ######## #### ########  ######## ########     ###     ######  ########
     ##        ##  ##     ## ##       ##     ##  ##   ##  ##       ##
     ######    ##  ########  ######   ########  #########  ######  ######
     ##        ##  ##    ##  ##       ##     ## ##     ##       ## ##
     ##       #### ##     ## ######## ########  ##     ##  ######  ########

You're about to initialize a Firebase project in this directory:

  C:\Users\tarun\OneDrive\Documents\techsaadhu

[info] 
=== Project Setup
[info] 
[info] First, let's associate this project directory with a Firebase project.
[info] You can create multiple project aliases by running firebase use --add, 
[info] but for now we'll just set up a default project.
[info] 
[debug] [2023-02-18T04:55:56.448Z] >>> [apiv2][query] GET https://firebase.googleapis.com/v1beta1/projects pageSize=100
[debug] [2023-02-18T04:55:57.257Z] <<< [apiv2][status] GET https://firebase.googleapis.com/v1beta1/projects 200
[debug] [2023-02-18T04:55:57.257Z] <<< [apiv2][body] GET https://firebase.googleapis.com/v1beta1/projects [omitted]
[info] i  Using project techsaadhu-ba693 (techsaadhu) 
[info] 
=== Database Setup
[info] i  database: ensuring required API firebasedatabase.googleapis.com is enabled... 
[debug] [2023-02-18T04:55:58.181Z] >>> [apiv2][query] GET https://serviceusage.googleapis.com/v1/projects/techsaadhu-ba693/services/firebasedatabase.googleapis.com [none]
[debug] [2023-02-18T04:55:58.181Z] >>> [apiv2][(partial)header] GET https://serviceusage.googleapis.com/v1/projects/techsaadhu-ba693/services/firebasedatabase.googleapis.com x-goog-quota-user=projects/techsaadhu-ba693
[debug] [2023-02-18T04:56:00.026Z] <<< [apiv2][status] GET https://serviceusage.googleapis.com/v1/projects/techsaadhu-ba693/services/firebasedatabase.googleapis.com 200
[debug] [2023-02-18T04:56:00.026Z] <<< [apiv2][body] GET https://serviceusage.googleapis.com/v1/projects/techsaadhu-ba693/services/firebasedatabase.googleapis.com [omitted]
[info] +  database: required API firebasedatabase.googleapis.com is enabled 
[info] 
[debug] [2023-02-18T04:56:00.027Z] >>> [apiv2][query] GET https://firebasedatabase.googleapis.com/v1beta/projects/techsaadhu-ba693/locations/-/instances/techsaadhu-ba693-default-rtdb [none]
[debug] [2023-02-18T04:56:00.395Z] <<< [apiv2][status] GET https://firebasedatabase.googleapis.com/v1beta/projects/techsaadhu-ba693/locations/-/instances/techsaadhu-ba693-default-rtdb 200
[debug] [2023-02-18T04:56:00.395Z] <<< [apiv2][body] GET https://firebasedatabase.googleapis.com/v1beta/projects/techsaadhu-ba693/locations/-/instances/techsaadhu-ba693-default-rtdb {"name":"projects/320621705037/locations/asia-southeast1/instances/techsaadhu-ba693-default-rtdb","project":"projects/320621705037","databaseUrl":"https://techsaadhu-ba693-default-rtdb.asia-southeast1.firebasedatabase.app","type":"DEFAULT_DATABASE","state":"ACTIVE"}
[info] 
[info] Firebase Realtime Database Security Rules allow you to define how your data should be
[info] structured and when your data can be read from and written to.
[info] 
[debug] [2023-02-18T04:56:04.978Z] >>> [apiv2][query] GET https://techsaadhu-ba693-default-rtdb.asia-southeast1.firebasedatabase.app/.settings/rules.json [none]
[debug] [2023-02-18T04:56:05.149Z] <<< [apiv2][status] GET https://techsaadhu-ba693-default-rtdb.asia-southeast1.firebasedatabase.app/.settings/rules.json 200
[debug] [2023-02-18T04:56:05.149Z] <<< [apiv2][body] GET https://techsaadhu-ba693-default-rtdb.asia-southeast1.firebasedatabase.app/.settings/rules.json [stream]
[info] +  Database Rules for techsaadhu-ba693-default-rtdb have been written to database.rules.json. 
[info] Future modifications to database.rules.json will update Realtime Database Security Rules when you run
[info] firebase deploy.
[info] 
=== Firestore Setup
[debug] [2023-02-18T04:56:05.152Z] >>> [apiv2][query] GET https://serviceusage.googleapis.com/v1/projects/techsaadhu-ba693/services/firestore.googleapis.com [none]
[debug] [2023-02-18T04:56:05.152Z] >>> [apiv2][(partial)header] GET https://serviceusage.googleapis.com/v1/projects/techsaadhu-ba693/services/firestore.googleapis.com x-goog-quota-user=projects/techsaadhu-ba693
[debug] [2023-02-18T04:56:07.088Z] <<< [apiv2][status] GET https://serviceusage.googleapis.com/v1/projects/techsaadhu-ba693/services/firestore.googleapis.com 200
[debug] [2023-02-18T04:56:07.088Z] <<< [apiv2][body] GET https://serviceusage.googleapis.com/v1/projects/techsaadhu-ba693/services/firestore.googleapis.com [omitted]
[debug] [2023-02-18T04:56:07.088Z] >>> [apiv2][query] GET https://firestore.googleapis.com/v1/projects/techsaadhu-ba693/databases/(default) [none]
[debug] [2023-02-18T04:56:07.351Z] <<< [apiv2][status] GET https://firestore.googleapis.com/v1/projects/techsaadhu-ba693/databases/(default) 200
[debug] [2023-02-18T04:56:07.351Z] <<< [apiv2][body] GET https://firestore.googleapis.com/v1/projects/techsaadhu-ba693/databases/(default) {"name":"projects/techsaadhu-ba693/databases/(default)","uid":"c68d5104-003b-47d2-b09f-de54743524e6","createTime":"2023-02-18T10:01:00.804782Z","updateTime":"2023-02-18T10:01:00.804782Z","locationId":"asia-south1","type":"FIRESTORE_NATIVE","concurrencyMode":"PESSIMISTIC","appEngineIntegrationMode":"DISABLED","keyPrefix":"j","etag":"ILiv5tvtnv0CMPb2+Ljonv0C"}
[debug] [2023-02-18T04:56:07.352Z] database_type: FIRESTORE_NATIVE
[debug] [2023-02-18T04:56:07.352Z] > command requires scopes: ["email","openid","https://www.googleapis.com/auth/cloudplatformprojects.readonly","https://www.googleapis.com/auth/firebase","https://www.googleapis.com/auth/cloud-platform"]
[debug] [2023-02-18T04:56:07.352Z] > authorizing via signed-in user (tarunmakersmind@gmail.com)
[debug] [2023-02-18T04:56:07.353Z] [iam] checking project techsaadhu-ba693 for permissions ["firebase.projects.get"]
[debug] [2023-02-18T04:56:07.353Z] >>> [apiv2][query] POST https://cloudresourcemanager.googleapis.com/v1/projects/techsaadhu-ba693:testIamPermissions [none]
[debug] [2023-02-18T04:56:07.353Z] >>> [apiv2][(partial)header] POST https://cloudresourcemanager.googleapis.com/v1/projects/techsaadhu-ba693:testIamPermissions x-goog-quota-user=projects/techsaadhu-ba693
[debug] [2023-02-18T04:56:07.353Z] >>> [apiv2][body] POST https://cloudresourcemanager.googleapis.com/v1/projects/techsaadhu-ba693:testIamPermissions {"permissions":["firebase.projects.get"]}
[debug] [2023-02-18T04:56:08.988Z] <<< [apiv2][status] POST https://cloudresourcemanager.googleapis.com/v1/projects/techsaadhu-ba693:testIamPermissions 200
[debug] [2023-02-18T04:56:08.988Z] <<< [apiv2][body] POST https://cloudresourcemanager.googleapis.com/v1/projects/techsaadhu-ba693:testIamPermissions {"permissions":["firebase.projects.get"]}
[info] 
[info] Firestore Security Rules allow you to define how and when to allow
[info] requests. You can keep these rules in your project directory
[info] and publish them with firebase deploy.
[info] 
[debug] [2023-02-18T04:56:13.213Z] >>> [apiv2][query] GET https://firebaserules.googleapis.com/v1/projects/techsaadhu-ba693/releases pageSize=10&pageToken=
[debug] [2023-02-18T04:56:14.785Z] <<< [apiv2][status] GET https://firebaserules.googleapis.com/v1/projects/techsaadhu-ba693/releases 200
[debug] [2023-02-18T04:56:14.785Z] <<< [apiv2][body] GET https://firebaserules.googleapis.com/v1/projects/techsaadhu-ba693/releases {"releases":[{"name":"projects/techsaadhu-ba693/releases/cloud.firestore","rulesetName":"projects/techsaadhu-ba693/rulesets/a6167645-5ef9-4e78-885b-4d4c9c388da0","createTime":"2023-02-18T10:01:09.193787Z","updateTime":"2023-02-18T10:01:09.193787Z"}]}
[debug] [2023-02-18T04:56:14.785Z] Found ruleset: projects/techsaadhu-ba693/rulesets/a6167645-5ef9-4e78-885b-4d4c9c388da0
[debug] [2023-02-18T04:56:14.786Z] >>> [apiv2][query] GET https://firebaserules.googleapis.com/v1/projects/techsaadhu-ba693/rulesets/a6167645-5ef9-4e78-885b-4d4c9c388da0 [none]
[debug] [2023-02-18T04:56:16.185Z] <<< [apiv2][status] GET https://firebaserules.googleapis.com/v1/projects/techsaadhu-ba693/rulesets/a6167645-5ef9-4e78-885b-4d4c9c388da0 200
[debug] [2023-02-18T04:56:16.185Z] <<< [apiv2][body] GET https://firebaserules.googleapis.com/v1/projects/techsaadhu-ba693/rulesets/a6167645-5ef9-4e78-885b-4d4c9c388da0 [omitted]
[info] 
[info] Firestore indexes allow you to perform complex queries while
[info] maintaining performance that scales with the size of the result
[info] set. You can keep index definitions in your project directory
[info] and publish them with firebase deploy.
[info] 
[debug] [2023-02-18T04:56:19.462Z] >>> [apiv2][query] GET https://firestore.googleapis.com/v1/projects/techsaadhu-ba693/databases/(default)/collectionGroups/-/indexes [none]
[debug] [2023-02-18T04:56:19.466Z] >>> [apiv2][query] GET https://firestore.googleapis.com/v1/projects/techsaadhu-ba693/databases/(default)/collectionGroups/-/fields?filter=indexConfig.usesAncestorConfig=false OR ttlConfig:* [none]
[debug] [2023-02-18T04:56:19.670Z] <<< [apiv2][status] GET https://firestore.googleapis.com/v1/projects/techsaadhu-ba693/databases/(default)/collectionGroups/-/indexes 200
[debug] [2023-02-18T04:56:19.670Z] <<< [apiv2][body] GET https://firestore.googleapis.com/v1/projects/techsaadhu-ba693/databases/(default)/collectionGroups/-/indexes {}
[debug] [2023-02-18T04:56:19.672Z] <<< [apiv2][status] GET https://firestore.googleapis.com/v1/projects/techsaadhu-ba693/databases/(default)/collectionGroups/-/fields?filter=indexConfig.usesAncestorConfig=false OR ttlConfig:* 200
[debug] [2023-02-18T04:56:19.672Z] <<< [apiv2][body] GET https://firestore.googleapis.com/v1/projects/techsaadhu-ba693/databases/(default)/collectionGroups/-/fields?filter=indexConfig.usesAncestorConfig=false OR ttlConfig:* {"fields":[{"name":"projects/techsaadhu-ba693/databases/(default)/collectionGroups/__default__/fields/*","indexConfig":{"indexes":[{"queryScope":"COLLECTION","fields":[{"fieldPath":"*","order":"ASCENDING"}],"state":"READY"},{"queryScope":"COLLECTION","fields":[{"fieldPath":"*","order":"DESCENDING"}],"state":"READY"},{"queryScope":"COLLECTION","fields":[{"fieldPath":"*","arrayConfig":"CONTAINS"}],"state":"READY"}]}}]}
[info] 
=== Functions Setup
[debug] [2023-02-18T04:56:19.673Z] > command requires scopes: ["email","openid","https://www.googleapis.com/auth/cloudplatformprojects.readonly","https://www.googleapis.com/auth/firebase","https://www.googleapis.com/auth/cloud-platform"]
[debug] [2023-02-18T04:56:19.674Z] > authorizing via signed-in user (tarunmakersmind@gmail.com)
[debug] [2023-02-18T04:56:19.674Z] [iam] checking project techsaadhu-ba693 for permissions ["firebase.projects.get"]
[debug] [2023-02-18T04:56:19.674Z] >>> [apiv2][query] POST https://cloudresourcemanager.googleapis.com/v1/projects/techsaadhu-ba693:testIamPermissions [none]
[debug] [2023-02-18T04:56:19.674Z] >>> [apiv2][(partial)header] POST https://cloudresourcemanager.googleapis.com/v1/projects/techsaadhu-ba693:testIamPermissions x-goog-quota-user=projects/techsaadhu-ba693
[debug] [2023-02-18T04:56:19.674Z] >>> [apiv2][body] POST https://cloudresourcemanager.googleapis.com/v1/projects/techsaadhu-ba693:testIamPermissions {"permissions":["firebase.projects.get"]}
[debug] [2023-02-18T04:56:20.152Z] <<< [apiv2][status] POST https://cloudresourcemanager.googleapis.com/v1/projects/techsaadhu-ba693:testIamPermissions 200
[debug] [2023-02-18T04:56:20.153Z] <<< [apiv2][body] POST https://cloudresourcemanager.googleapis.com/v1/projects/techsaadhu-ba693:testIamPermissions {"permissions":["firebase.projects.get"]}
[debug] [2023-02-18T04:56:20.153Z] >>> [apiv2][query] GET https://serviceusage.googleapis.com/v1/projects/techsaadhu-ba693/services/cloudfunctions.googleapis.com [none]
[debug] [2023-02-18T04:56:20.153Z] >>> [apiv2][(partial)header] GET https://serviceusage.googleapis.com/v1/projects/techsaadhu-ba693/services/cloudfunctions.googleapis.com x-goog-quota-user=projects/techsaadhu-ba693
[debug] [2023-02-18T04:56:20.157Z] >>> [apiv2][query] GET https://serviceusage.googleapis.com/v1/projects/techsaadhu-ba693/services/runtimeconfig.googleapis.com [none]
[debug] [2023-02-18T04:56:20.157Z] >>> [apiv2][(partial)header] GET https://serviceusage.googleapis.com/v1/projects/techsaadhu-ba693/services/runtimeconfig.googleapis.com x-goog-quota-user=projects/techsaadhu-ba693
[debug] [2023-02-18T04:56:22.068Z] <<< [apiv2][status] GET https://serviceusage.googleapis.com/v1/projects/techsaadhu-ba693/services/runtimeconfig.googleapis.com 200
[debug] [2023-02-18T04:56:22.068Z] <<< [apiv2][body] GET https://serviceusage.googleapis.com/v1/projects/techsaadhu-ba693/services/runtimeconfig.googleapis.com [omitted]
[debug] [2023-02-18T04:56:22.108Z] <<< [apiv2][status] GET https://serviceusage.googleapis.com/v1/projects/techsaadhu-ba693/services/cloudfunctions.googleapis.com 200
[debug] [2023-02-18T04:56:22.108Z] <<< [apiv2][body] GET https://serviceusage.googleapis.com/v1/projects/techsaadhu-ba693/services/cloudfunctions.googleapis.com [omitted]
[info] 
Detected existing codebase(s): default

[info] 
Overwriting codebase default...

[info] +  Wrote functions/package.json 
[info] +  Wrote functions/.eslintrc.js 
[info] +  Wrote functions/index.js 
[info] +  Wrote functions/.gitignore 
[info] 
[error] NPM install failed, continuing with Firebase initialization...
[info] 
=== Hosting Setup
[info] 
[info] Your public directory is the folder (relative to your project directory) that
[info] will contain Hosting assets to be uploaded with firebase deploy. If you
[info] have a build process for your assets, use your build's output directory.
[info] 
[debug] [2023-02-18T04:56:56.792Z] >>> [apiv2][query] GET https://www.gstatic.com/firebasejs/releases.json [none]
[debug] [2023-02-18T04:56:56.928Z] <<< [apiv2][status] GET https://www.gstatic.com/firebasejs/releases.json 200
[debug] [2023-02-18T04:56:56.928Z] <<< [apiv2][body] GET https://www.gstatic.com/firebasejs/releases.json {"current":{"version":"9.17.1","browserURL":"https://www.gstatic.com/firebasejs/9.17.1/firebase.js","packageURL":"https://www.gstatic.com/firebasejs/9.17.1/firebase.tgz"},"live":{"version":"9.17","browserURL":"https://www.gstatic.com/firebasejs/live/9.17/firebase.js","packageURL":"https://www.gstatic.com/firebasejs/live/9.17/firebase.tgz"},"components":{"analytics":"https://www.gstatic.com/firebasejs/9.17.1/firebase-analytics.js","app":"https://www.gstatic.com/firebasejs/9.17.1/firebase-app.js","app-check":"https://www.gstatic.com/firebasejs/9.17.1/firebase-app-check.js","auth":"https://www.gstatic.com/firebasejs/9.17.1/firebase-auth.js","auth/cordova":"https://www.gstatic.com/firebasejs/9.17.1/firebase-auth/cordova.js","auth/react-native":"https://www.gstatic.com/firebasejs/9.17.1/firebase-auth/react-native.js","functions":"https://www.gstatic.com/firebasejs/9.17.1/firebase-functions.js","firestore":"https://www.gstatic.com/firebasejs/9.17.1/firebase-firestore.js","firestore/lite":"https://www.gstatic.com/firebasejs/9.17.1/firebase-firestore/lite.js","installations":"https://www.gstatic.com/firebasejs/9.17.1/firebase-installations.js","storage":"https://www.gstatic.com/firebasejs/9.17.1/firebase-storage.js","performance":"https://www.gstatic.com/firebasejs/9.17.1/firebase-performance.js","remote-config":"https://www.gstatic.com/firebasejs/9.17.1/firebase-remote-config.js","messaging":"https://www.gstatic.com/firebasejs/9.17.1/firebase-messaging.js","messaging/sw":"https://www.gstatic.com/firebasejs/9.17.1/firebase-messaging/sw.js","database":"https://www.gstatic.com/firebasejs/9.17.1/firebase-database.js","firestore.memory":"https://www.gstatic.com/firebasejs/9.17.1/firebase-firestore.memory.js"}}
[info] +  Wrote y/index.html 
[info] 
=== Storage Setup
[info] 
[info] Firebase Storage Security Rules allow you to define how and when to allow
[info] uploads and downloads. You can keep these rules in your project directory
[info] and publish them with firebase deploy.
[info] 
[info] +  Wrote storage.rules 
[info] 
=== Emulators Setup
[info] i  firestore: downloading cloud-firestore-emulator-v1.16.0.jar... {"metadata":{"emulator":{"name":"firestore"},"message":"downloading cloud-firestore-emulator-v1.16.0.jar..."}}
[debug] [2023-02-18T04:58:02.715Z] >>> [apiv2][query] GET https://storage.googleapis.com/firebase-preview-drop/emulator/cloud-firestore-emulator-v1.16.0.jar 
[debug] [2023-02-18T04:58:03.147Z] <<< [apiv2][status] GET https://storage.googleapis.com/firebase-preview-drop/emulator/cloud-firestore-emulator-v1.16.0.jar 200
[debug] [2023-02-18T04:58:03.147Z] <<< [apiv2][body] GET https://storage.googleapis.com/firebase-preview-drop/emulator/cloud-firestore-emulator-v1.16.0.jar [stream]
[info] i  database: downloading firebase-database-emulator-v4.11.0.jar... {"metadata":{"emulator":{"name":"database"},"message":"downloading firebase-database-emulator-v4.11.0.jar..."}}
[debug] [2023-02-18T04:58:09.696Z] >>> [apiv2][query] GET https://storage.googleapis.com/firebase-preview-drop/emulator/firebase-database-emulator-v4.11.0.jar 
[debug] [2023-02-18T04:58:10.563Z] <<< [apiv2][status] GET https://storage.googleapis.com/firebase-preview-drop/emulator/firebase-database-emulator-v4.11.0.jar 200
[debug] [2023-02-18T04:58:10.564Z] <<< [apiv2][body] GET https://storage.googleapis.com/firebase-preview-drop/emulator/firebase-database-emulator-v4.11.0.jar [stream]
[info] i  pubsub: downloading pubsub-emulator-0.7.1.zip... {"metadata":{"emulator":{"name":"pubsub"},"message":"downloading pubsub-emulator-0.7.1.zip..."}}
[debug] [2023-02-18T04:58:15.559Z] >>> [apiv2][query] GET https://storage.googleapis.com/firebase-preview-drop/emulator/pubsub-emulator-0.7.1.zip 
[debug] [2023-02-18T04:58:15.976Z] <<< [apiv2][status] GET https://storage.googleapis.com/firebase-preview-drop/emulator/pubsub-emulator-0.7.1.zip 200
[debug] [2023-02-18T04:58:15.976Z] <<< [apiv2][body] GET https://storage.googleapis.com/firebase-preview-drop/emulator/pubsub-emulator-0.7.1.zip [stream]
[info] i  storage: downloading cloud-storage-rules-runtime-v1.1.3.jar... {"metadata":{"emulator":{"name":"storage"},"message":"downloading cloud-storage-rules-runtime-v1.1.3.jar..."}}
[debug] [2023-02-18T04:58:23.308Z] >>> [apiv2][query] GET https://storage.googleapis.com/firebase-preview-drop/emulator/cloud-storage-rules-runtime-v1.1.3.jar 
[debug] [2023-02-18T04:58:24.034Z] <<< [apiv2][status] GET https://storage.googleapis.com/firebase-preview-drop/emulator/cloud-storage-rules-runtime-v1.1.3.jar 200
[debug] [2023-02-18T04:58:24.034Z] <<< [apiv2][body] GET https://storage.googleapis.com/firebase-preview-drop/emulator/cloud-storage-rules-runtime-v1.1.3.jar [stream]
[info] i  ui: downloading ui-v1.11.4.zip... {"metadata":{"emulator":{"name":"ui"},"message":"downloading ui-v1.11.4.zip..."}}
[debug] [2023-02-18T04:58:30.225Z] >>> [apiv2][query] GET https://storage.googleapis.com/firebase-preview-drop/emulator/ui-v1.11.4.zip 
[info] 
=== Remoteconfig Setup
[debug] [2023-02-18T04:58:30.577Z] <<< [apiv2][status] GET https://storage.googleapis.com/firebase-preview-drop/emulator/ui-v1.11.4.zip 200
[debug] [2023-02-18T04:58:30.578Z] <<< [apiv2][body] GET https://storage.googleapis.com/firebase-preview-drop/emulator/ui-v1.11.4.zip [stream]
[debug] [2023-02-18T05:12:49.007Z] ----------------------------------------------------------------------
[debug] [2023-02-18T05:12:49.009Z] Command:       C:\Program Files\nodejs\node.exe C:\Users\tarun\AppData\Roaming\npm\node_modules\firebase-tools\lib\bin\firebase.js init
[debug] [2023-02-18T05:12:49.009Z] CLI Version:   11.23.1
[debug] [2023-02-18T05:12:49.009Z] Platform:      win32
[debug] [2023-02-18T05:12:49.010Z] Node Version:  v18.12.0
[debug] [2023-02-18T05:12:49.010Z] Time:          Sat Feb 18 2023 10:42:49 GMT+0530 (India Standard Time)
[debug] [2023-02-18T05:12:49.010Z] ----------------------------------------------------------------------
[debug] 
[debug] [2023-02-18T05:12:49.022Z] > command requires scopes: ["email","openid","https://www.googleapis.com/auth/cloudplatformprojects.readonly","https://www.googleapis.com/auth/firebase","https://www.googleapis.com/auth/cloud-platform"]
[debug] [2023-02-18T05:12:49.022Z] > authorizing via signed-in user (tarunmakersmind@gmail.com)
[info] 
     ######## #### ########  ######## ########     ###     ######  ########
     ##        ##  ##     ## ##       ##     ##  ##   ##  ##       ##
     ######    ##  ########  ######   ########  #########  ######  ######
     ##        ##  ##    ##  ##       ##     ## ##     ##       ## ##
     ##       #### ##     ## ######## ########  ##     ##  ######  ########

You're about to initialize a Firebase project in this directory:

  C:\Users\tarun\OneDrive\Documents\techsaadhu

[info] 
=== Project Setup
[info] 
[info] First, let's associate this project directory with a Firebase project.
[info] You can create multiple project aliases by running firebase use --add, 
[info] but for now we'll just set up a default project.
[info] 
[debug] [2023-02-18T05:13:23.237Z] > refreshing access token with scopes: []
[debug] [2023-02-18T05:13:23.242Z] >>> [apiv2][query] POST https://www.googleapis.com/oauth2/v3/token [none]
[debug] [2023-02-18T05:13:23.242Z] >>> [apiv2][body] POST https://www.googleapis.com/oauth2/v3/token [omitted]
[debug] [2023-02-18T05:13:23.599Z] <<< [apiv2][status] POST https://www.googleapis.com/oauth2/v3/token 200
[debug] [2023-02-18T05:13:23.599Z] <<< [apiv2][body] POST https://www.googleapis.com/oauth2/v3/token [omitted]
[debug] [2023-02-18T05:13:23.608Z] >>> [apiv2][query] GET https://firebase.googleapis.com/v1beta1/projects pageSize=100
[debug] [2023-02-18T05:13:24.315Z] <<< [apiv2][status] GET https://firebase.googleapis.com/v1beta1/projects 200
[debug] [2023-02-18T05:13:24.315Z] <<< [apiv2][body] GET https://firebase.googleapis.com/v1beta1/projects [omitted]
[info] i  Using project techsaadhu-ba693 (techsaadhu) 
[info] 
=== Hosting Setup
[info] 
[info] Your public directory is the folder (relative to your project directory) that
[info] will contain Hosting assets to be uploaded with firebase deploy. If you
[info] have a build process for your assets, use your build's output directory.
[info] 
[info] +  Wrote public/404.html 
[debug] [2023-02-18T05:13:43.272Z] >>> [apiv2][query] GET https://www.gstatic.com/firebasejs/releases.json [none]
[debug] [2023-02-18T05:13:43.391Z] <<< [apiv2][status] GET https://www.gstatic.com/firebasejs/releases.json 200
[debug] [2023-02-18T05:13:43.391Z] <<< [apiv2][body] GET https://www.gstatic.com/firebasejs/releases.json {"current":{"version":"9.17.1","browserURL":"https://www.gstatic.com/firebasejs/9.17.1/firebase.js","packageURL":"https://www.gstatic.com/firebasejs/9.17.1/firebase.tgz"},"live":{"version":"9.17","browserURL":"https://www.gstatic.com/firebasejs/live/9.17/firebase.js","packageURL":"https://www.gstatic.com/firebasejs/live/9.17/firebase.tgz"},"components":{"analytics":"https://www.gstatic.com/firebasejs/9.17.1/firebase-analytics.js","app":"https://www.gstatic.com/firebasejs/9.17.1/firebase-app.js","app-check":"https://www.gstatic.com/firebasejs/9.17.1/firebase-app-check.js","auth":"https://www.gstatic.com/firebasejs/9.17.1/firebase-auth.js","auth/cordova":"https://www.gstatic.com/firebasejs/9.17.1/firebase-auth/cordova.js","auth/react-native":"https://www.gstatic.com/firebasejs/9.17.1/firebase-auth/react-native.js","functions":"https://www.gstatic.com/firebasejs/9.17.1/firebase-functions.js","firestore":"https://www.gstatic.com/firebasejs/9.17.1/firebase-firestore.js","firestore/lite":"https://www.gstatic.com/firebasejs/9.17.1/firebase-firestore/lite.js","installations":"https://www.gstatic.com/firebasejs/9.17.1/firebase-installations.js","storage":"https://www.gstatic.com/firebasejs/9.17.1/firebase-storage.js","performance":"https://www.gstatic.com/firebasejs/9.17.1/firebase-performance.js","remote-config":"https://www.gstatic.com/firebasejs/9.17.1/firebase-remote-config.js","messaging":"https://www.gstatic.com/firebasejs/9.17.1/firebase-messaging.js","messaging/sw":"https://www.gstatic.com/firebasejs/9.17.1/firebase-messaging/sw.js","database":"https://www.gstatic.com/firebasejs/9.17.1/firebase-database.js","firestore.memory":"https://www.gstatic.com/firebasejs/9.17.1/firebase-firestore.memory.js"}}
[info] i  Skipping write of public/index.html 
[info] 
[info] i  Didn't detect a .git folder. Assuming C:\Users\tarun\OneDrive\Documents\techsaadhu is the project root. 
[info] i  Authorizing with GitHub to upload your service account to a GitHub repository's secrets store. 
[info] 
[info] Visit this URL on this device to log in:
[info] https://github.com/login/oauth/authorize?client_id=89cf50f02ac6aaed3484&state=48137350&redirect_uri=http%3A%2F%2Flocalhost%3A9005&scope=read%3Auser%20repo%20public_repo
[info] 
[info] Waiting for authentication...
